<?xml version="1.0" encoding="UTF-8"?>
<testsuite xmlns:xsi="http://www.w3.org/2001/XMLSchema-instance" xsi:noNamespaceSchemaLocation="https://maven.apache.org/surefire/maven-surefire-plugin/xsd/surefire-test-report-3.0.xsd" version="3.0" name="com.fullcycle.admin.catalogo.application.category.delete.DeleteCategoryUseCaseTest" time="0.33" tests="3" errors="0" skipped="0" failures="0">
  <properties>
[...]
</properties>
  <testcase name="givenAValidId_whenCallsDeleteCategory_shouldBeOK" classname="com.fullcycle.admin.catalogo.application.category.delete.DeleteCategoryUseCaseTest" time="0.291"/>
  <testcase name="givenAnInvalidId_whenCallsDeleteCategory_shouldBeOK" classname="com.fullcycle.admin.catalogo.application.category.delete.DeleteCategoryUseCaseTest" time="0.013"/>
  <testcase name="givenAValidId_whenGatewayThrowsException_shouldReturnException" classname="com.fullcycle.admin.catalogo.application.category.delete.DeleteCategoryUseCaseTest" time="0.012"/>
</testsuite>